\BOOKMARK [1][-]{section.1}{\376\377\000M\000o\000t\000i\000v\000a\000t\000i\000o\000n\000\040\000a\000n\000d\000\040\000G\000o\000a\000l\000s}{}% 1
\BOOKMARK [1][-]{section.2}{\376\377\000D\000a\000t\000a\000s\000e\000t\000\040\000D\000e\000s\000c\000r\000i\000p\000t\000i\000o\000n}{}% 2
\BOOKMARK [2][-]{subsection.2.1}{\376\377\000D\000a\000t\000a\000\040\000S\000c\000a\000l\000i\000n\000g}{section.2}% 3
\BOOKMARK [1][-]{section.3}{\376\377\000M\000e\000t\000h\000o\000d\000s}{}% 4
\BOOKMARK [2][-]{subsection.3.1}{\376\377\000C\000o\000m\000m\000o\000n\000\040\000N\000e\000i\000g\000h\000b\000o\000r\000s\000\040\000\050\000B\000a\000s\000e\000l\000i\000n\000e\000\040\000H\000e\000u\000r\000i\000s\000t\000i\000c\000\051}{section.3}% 5
\BOOKMARK [2][-]{subsection.3.2}{\376\377\000M\000L\000P\000\040\000\050\000F\000e\000a\000t\000u\000r\000e\000-\000O\000n\000l\000y\000\040\000B\000a\000s\000e\000l\000i\000n\000e\000\051}{section.3}% 6
\BOOKMARK [2][-]{subsection.3.3}{\376\377\000G\000C\000N\000\040\000\050\000G\000r\000a\000p\000h\000\040\000C\000o\000n\000v\000o\000l\000u\000t\000i\000o\000n\000a\000l\000\040\000N\000e\000t\000w\000o\000r\000k\000\051}{section.3}% 7
\BOOKMARK [2][-]{subsection.3.4}{\376\377\000M\000u\000l\000t\000i\000-\000S\000e\000e\000d\000\040\000E\000v\000a\000l\000u\000a\000t\000i\000o\000n}{section.3}% 8
\BOOKMARK [1][-]{section.4}{\376\377\000S\000y\000s\000t\000e\000m\000\040\000A\000r\000c\000h\000i\000t\000e\000c\000t\000u\000r\000e}{}% 9
\BOOKMARK [1][-]{section.5}{\376\377\000P\000e\000r\000f\000o\000r\000m\000a\000n\000c\000e\000\040\000E\000v\000a\000l\000u\000a\000t\000i\000o\000n}{}% 10
\BOOKMARK [2][-]{subsection.5.1}{\376\377\000M\000a\000i\000n\000\040\000R\000e\000s\000u\000l\000t\000s}{section.5}% 11
\BOOKMARK [2][-]{subsection.5.2}{\376\377\000O\000G\000B\000-\000C\000o\000l\000l\000a\000b\000\040\000L\000e\000a\000d\000e\000r\000b\000o\000a\000r\000d\000\040\000C\000o\000n\000t\000e\000x\000t}{section.5}% 12
\BOOKMARK [2][-]{subsection.5.3}{\376\377\000S\000c\000a\000l\000e\000\040\000A\000n\000a\000l\000y\000s\000i\000s}{section.5}% 13
\BOOKMARK [2][-]{subsection.5.4}{\376\377\000M\000u\000l\000t\000i\000-\000S\000e\000e\000d\000\040\000G\000C\000N\000\040\000R\000e\000s\000u\000l\000t\000s}{section.5}% 14
\BOOKMARK [1][-]{section.6}{\376\377\000D\000i\000s\000c\000u\000s\000s\000i\000o\000n}{}% 15
\BOOKMARK [2][-]{subsection.6.1}{\376\377\000B\000e\000s\000t\000\040\000M\000e\000t\000h\000o\000d\000\040\000b\000y\000\040\000D\000a\000t\000a\000\040\000S\000c\000a\000l\000e}{section.6}% 16
\BOOKMARK [2][-]{subsection.6.2}{\376\377\000W\000h\000y\000\040\000C\000o\000m\000m\000o\000n\000\040\000N\000e\000i\000g\000h\000b\000o\000r\000s\000\040\000W\000i\000n\000s\000\040\000a\000t\000\040\000F\000u\000l\000l\000\040\000S\000c\000a\000l\000e}{section.6}% 17
\BOOKMARK [2][-]{subsection.6.3}{\376\377\000M\000e\000t\000h\000o\000d\000\040\000T\000r\000a\000d\000e\000-\000o\000f\000f\000s}{section.6}% 18
\BOOKMARK [1][-]{section.7}{\376\377\000T\000e\000c\000h\000n\000i\000c\000a\000l\000\040\000C\000h\000a\000l\000l\000e\000n\000g\000e\000s}{}% 19
\BOOKMARK [2][-]{subsection.7.1}{\376\377\000O\000t\000h\000e\000r\000\040\000C\000h\000a\000l\000l\000e\000n\000g\000e\000s}{section.7}% 20
